2020-01-27 16:47:38 IST [main] INFO  TestTripAdvisorReview               Navigate to Url : http://www.tripadvisor.in .
2020-01-27 16:47:53 IST [main] INFO  TestTripAdvisorReview               Click on hotle tab.
2020-01-27 16:47:54 IST [main] INFO  BrowserUtil                         Waiting for Element to be visible.
2020-01-27 16:47:55 IST [main] INFO  TestTripAdvisorReview               Enter "Club Mahindra" in where to.
2020-01-27 16:47:58 IST [main] INFO  TestTripAdvisorReview               Click on search icon.
2020-01-27 16:48:02 IST [main] INFO  TestTripAdvisorReview               Select first search result.
2020-01-27 16:48:03 IST [main] INFO  TestTripAdvisorReview               Navigate to hotel review page.
2020-01-27 16:48:08 IST [main] INFO  TestTripAdvisorReview               Click on "Write a Review" button.
2020-01-27 16:48:11 IST [main] INFO  TestTripAdvisorReview               Navigate to User review edit page.
2020-01-27 16:48:11 IST [main] INFO  BrowserUtil                         Waiting for Element to be visible.
2020-01-27 16:48:13 IST [main] INFO  TestTripAdvisorReview               Select hottel over all rating.
2020-01-27 16:48:13 IST [main] INFO  TestTripAdvisorReview               Write tilte in "Title of your review" text box.
2020-01-27 16:48:14 IST [main] INFO  TestTripAdvisorReview               Write review in "Your review" text box.
2020-01-27 16:48:28 IST [main] INFO  TestTripAdvisorReview               Select sort of trip.
2020-01-27 16:48:29 IST [main] INFO  BrowserUtil                         Waiting for Element to be visible.
2020-01-27 16:48:29 IST [main] INFO  TestTripAdvisorReview               Select trip month and year.
2020-01-27 16:48:31 IST [main] INFO  BrowserUtil                         Waiting for Element to be visible.
2020-01-27 16:48:31 IST [main] INFO  TestTripAdvisorReview               Select hotel rating for services.
2020-01-27 16:48:32 IST [main] INFO  BrowserUtil                         Waiting for Element to be visible.
2020-01-27 16:49:01 IST [main] INFO  AmazonPage                          Navigate to Url : https://www.amazon.com .
2020-01-27 16:49:08 IST [main] INFO  BrowserUtil                         Waiting for Element to be visible.
2020-01-27 16:49:09 IST [main] INFO  AmazonPage                          Enter "Apple iPhone XR (64GB) - Yellow" in search box.
2020-01-27 16:49:10 IST [main] INFO  AmazonPage                          Click on search button.
2020-01-27 16:49:15 IST [main] INFO  AmazonPage                          Click on iphone link.
2020-01-27 16:49:16 IST [main] INFO  AmazonPage                          Navigate to iphone details page.
2020-01-27 16:49:16 IST [main] INFO  BrowserUtil                         Waiting for Element to be visible.
2020-01-27 16:49:25 IST [main] INFO  AmazonPage                          Price of Iphone in Amazon is : 47900.0
2020-01-27 16:49:25 IST [main] INFO  FlipkartPage                        Navigate to Url : https://www.flipkart.com .
2020-01-27 16:49:33 IST [main] INFO  FlipkartPage                        wait for 3 seconds.
2020-01-27 16:49:36 IST [main] INFO  FlipkartPage                        Close pop off button.
2020-01-27 16:49:36 IST [main] INFO  BrowserUtil                         Waiting for Element to be visible.
2020-01-27 16:49:36 IST [main] INFO  FlipkartPage                        Enter "Apple iPhone XR (64GB) - Yellow" in search box.
2020-01-27 16:49:37 IST [main] INFO  FlipkartPage                        Click on search button.
2020-01-27 16:49:39 IST [main] INFO  FlipkartPage                        Click on iphone link.
2020-01-27 16:49:39 IST [main] INFO  FlipkartPage                        Navigate to iphone details page.
2020-01-27 16:49:39 IST [main] INFO  BrowserUtil                         Waiting for Element to be visible.
2020-01-27 16:49:44 IST [main] INFO  FlipkartPage                        Price of Iphone in Flipkart is : 53999
2020-01-27 16:49:44 IST [main] INFO  TestIphonePrice                     Price of Iphone in Amazon is less and the price is :47900.0
2020-01-27 16:52:53 IST [main] INFO  TestTripAdvisorReview               Navigate to Url : http://www.tripadvisor.in .
2020-01-27 16:53:09 IST [main] INFO  TestTripAdvisorReview               Click on hotle tab.
2020-01-27 16:53:09 IST [main] INFO  BrowserUtil                         Waiting for Element to be visible.
2020-01-27 16:53:09 IST [main] INFO  TestTripAdvisorReview               Enter "Club Mahindra" in where to.
2020-01-27 16:53:13 IST [main] INFO  TestTripAdvisorReview               Click on search icon.
2020-01-27 16:53:17 IST [main] INFO  TestTripAdvisorReview               Select first search result.
2020-01-27 16:53:18 IST [main] INFO  TestTripAdvisorReview               Navigate to hotel review page.
2020-01-27 16:53:23 IST [main] INFO  TestTripAdvisorReview               Click on "Write a Review" button.
2020-01-27 16:53:25 IST [main] INFO  TestTripAdvisorReview               Navigate to User review edit page.
2020-01-27 16:53:25 IST [main] INFO  BrowserUtil                         Waiting for Element to be visible.
2020-01-27 16:53:27 IST [main] INFO  TestTripAdvisorReview               Select hottel over all rating.
2020-01-27 16:53:27 IST [main] INFO  TestTripAdvisorReview               Write tilte in "Title of your review" text box.
2020-01-27 16:53:28 IST [main] INFO  TestTripAdvisorReview               Write review in "Your review" text box.
2020-01-27 16:53:49 IST [main] INFO  TestTripAdvisorReview               Select sort of trip.
2020-01-27 16:53:50 IST [main] INFO  BrowserUtil                         Waiting for Element to be visible.
2020-01-27 16:53:50 IST [main] INFO  TestTripAdvisorReview               Select trip month and year.
2020-01-27 16:53:52 IST [main] INFO  BrowserUtil                         Waiting for Element to be visible.
2020-01-27 16:53:52 IST [main] INFO  TestTripAdvisorReview               Select hotel rating for services.
2020-01-27 16:53:53 IST [main] INFO  BrowserUtil                         Waiting for Element to be visible.
2020-01-27 16:54:11 IST [main] INFO  AmazonPage                          Navigate to Url : https://www.amazon.com .
2020-01-27 16:54:17 IST [main] INFO  BrowserUtil                         Waiting for Element to be visible.
2020-01-27 16:54:18 IST [main] INFO  AmazonPage                          Enter "Apple iPhone XR (64GB) - Yellow" in search box.
2020-01-27 16:54:23 IST [main] INFO  AmazonPage                          Click on search button.
2020-01-27 16:54:26 IST [main] INFO  AmazonPage                          Click on iphone link.
2020-01-27 16:54:27 IST [main] INFO  AmazonPage                          Navigate to iphone details page.
2020-01-27 16:54:27 IST [main] INFO  BrowserUtil                         Waiting for Element to be visible.
2020-01-27 16:54:32 IST [main] INFO  AmazonPage                          Price of Iphone in Amazon is : 47900.0
2020-01-27 16:54:32 IST [main] INFO  FlipkartPage                        Navigate to Url : https://www.flipkart.com .
2020-01-27 16:54:39 IST [main] INFO  FlipkartPage                        wait for 3 seconds.
2020-01-27 16:54:42 IST [main] INFO  FlipkartPage                        Close pop off button.
2020-01-27 16:54:42 IST [main] INFO  BrowserUtil                         Waiting for Element to be visible.
2020-01-27 16:54:42 IST [main] INFO  FlipkartPage                        Enter "Apple iPhone XR (64GB) - Yellow" in search box.
2020-01-27 16:54:43 IST [main] INFO  FlipkartPage                        Click on search button.
2020-01-27 16:54:45 IST [main] INFO  FlipkartPage                        Click on iphone link.
2020-01-27 16:54:45 IST [main] INFO  FlipkartPage                        Navigate to iphone details page.
2020-01-27 16:54:45 IST [main] INFO  BrowserUtil                         Waiting for Element to be visible.
2020-01-27 16:54:49 IST [main] INFO  FlipkartPage                        Price of Iphone in Flipkart is : 53999
2020-01-27 16:54:49 IST [main] INFO  TestIphonePrice                     Price of Iphone in Amazon is less and the price is :47900.0
